  main.cpp
C:\Users\mrdia\OneDrive\Desktop\RUBGLD_client\RUBGLD_client\RUBGLD_client\std_data.h(20,3): warning C4091: 'typedef ': ignored on left of 'eng::mesh' when no variable is declared
C:\Users\mrdia\OneDrive\Desktop\RUBGLD_client\RUBGLD_client\RUBGLD_client\std_data.h(27,3): warning C4091: 'typedef ': ignored on left of 'eng::transform' when no variable is declared
C:\Users\mrdia\OneDrive\Desktop\RUBGLD_client\RUBGLD_client\RUBGLD_client\std_data.h(57,3): warning C4091: 'typedef ': ignored on left of 'eng::framebuffer_rgb' when no variable is declared
LINK : warning LNK4098: defaultlib 'MSVCRTD' conflicts with use of other libs; use /NODEFAULTLIB:library
  Generating code
  3 of 219 functions ( 1.4%) were compiled, the rest were copied from previous compilation.
    1 functions were new in current compilation
    0 functions had inline decision re-evaluated but remain unchanged
  Finished generating code
glfw3.lib(context.obj) : warning LNK4099: PDB '' was not found with 'glfw3.lib(context.obj)' or at ''; linking object as if no debug info
glfw3.lib(init.obj) : warning LNK4099: PDB 'glfw3.pdb' was not found with 'glfw3.lib(init.obj)' or at 'C:\Users\mrdia\OneDrive\Desktop\RUBGLD_client\RUBGLD_client\RUBGLD_client\x64\Release\glfw3.pdb'; linking object as if no debug info
glfw3.lib(input.obj) : warning LNK4099: PDB '' was not found with 'glfw3.lib(input.obj)' or at ''; linking object as if no debug info
glfw3.lib(monitor.obj) : warning LNK4099: PDB 'glfw3.pdb' was not found with 'glfw3.lib(monitor.obj)' or at 'C:\Users\mrdia\OneDrive\Desktop\RUBGLD_client\RUBGLD_client\RUBGLD_client\x64\Release\glfw3.pdb'; linking object as if no debug info
glfw3.lib(vulkan.obj) : warning LNK4099: PDB 'glfw3.pdb' was not found with 'glfw3.lib(vulkan.obj)' or at 'C:\Users\mrdia\OneDrive\Desktop\RUBGLD_client\RUBGLD_client\RUBGLD_client\x64\Release\glfw3.pdb'; linking object as if no debug info
glfw3.lib(window.obj) : warning LNK4099: PDB 'glfw3.pdb' was not found with 'glfw3.lib(window.obj)' or at 'C:\Users\mrdia\OneDrive\Desktop\RUBGLD_client\RUBGLD_client\RUBGLD_client\x64\Release\glfw3.pdb'; linking object as if no debug info
glfw3.lib(win32_init.obj) : warning LNK4099: PDB 'glfw3.pdb' was not found with 'glfw3.lib(win32_init.obj)' or at 'C:\Users\mrdia\OneDrive\Desktop\RUBGLD_client\RUBGLD_client\RUBGLD_client\x64\Release\glfw3.pdb'; linking object as if no debug info
glfw3.lib(win32_joystick.obj) : warning LNK4099: PDB 'glfw3.pdb' was not found with 'glfw3.lib(win32_joystick.obj)' or at 'C:\Users\mrdia\OneDrive\Desktop\RUBGLD_client\RUBGLD_client\RUBGLD_client\x64\Release\glfw3.pdb'; linking object as if no debug info
glfw3.lib(win32_monitor.obj) : warning LNK4099: PDB 'glfw3.pdb' was not found with 'glfw3.lib(win32_monitor.obj)' or at 'C:\Users\mrdia\OneDrive\Desktop\RUBGLD_client\RUBGLD_client\RUBGLD_client\x64\Release\glfw3.pdb'; linking object as if no debug info
glfw3.lib(win32_time.obj) : warning LNK4099: PDB 'glfw3.pdb' was not found with 'glfw3.lib(win32_time.obj)' or at 'C:\Users\mrdia\OneDrive\Desktop\RUBGLD_client\RUBGLD_client\RUBGLD_client\x64\Release\glfw3.pdb'; linking object as if no debug info
glfw3.lib(win32_thread.obj) : warning LNK4099: PDB 'glfw3.pdb' was not found with 'glfw3.lib(win32_thread.obj)' or at 'C:\Users\mrdia\OneDrive\Desktop\RUBGLD_client\RUBGLD_client\RUBGLD_client\x64\Release\glfw3.pdb'; linking object as if no debug info
glfw3.lib(win32_window.obj) : warning LNK4099: PDB 'glfw3.pdb' was not found with 'glfw3.lib(win32_window.obj)' or at 'C:\Users\mrdia\OneDrive\Desktop\RUBGLD_client\RUBGLD_client\RUBGLD_client\x64\Release\glfw3.pdb'; linking object as if no debug info
glfw3.lib(wgl_context.obj) : warning LNK4099: PDB 'glfw3.pdb' was not found with 'glfw3.lib(wgl_context.obj)' or at 'C:\Users\mrdia\OneDrive\Desktop\RUBGLD_client\RUBGLD_client\RUBGLD_client\x64\Release\glfw3.pdb'; linking object as if no debug info
glfw3.lib(egl_context.obj) : warning LNK4099: PDB 'glfw3.pdb' was not found with 'glfw3.lib(egl_context.obj)' or at 'C:\Users\mrdia\OneDrive\Desktop\RUBGLD_client\RUBGLD_client\RUBGLD_client\x64\Release\glfw3.pdb'; linking object as if no debug info
glfw3.lib(osmesa_context.obj) : warning LNK4099: PDB 'glfw3.pdb' was not found with 'glfw3.lib(osmesa_context.obj)' or at 'C:\Users\mrdia\OneDrive\Desktop\RUBGLD_client\RUBGLD_client\RUBGLD_client\x64\Release\glfw3.pdb'; linking object as if no debug info
  RUBGLD_client.vcxproj -> C:\Users\mrdia\OneDrive\Desktop\RUBGLD_client\RUBGLD_client\RUBGLD_client\x64\Release\RUBGLD_client.exe
